                                                            20250822
                                                            163600


======================================================================
Target: FemEngineHD



======================= Computing Environment ========================
  Computer name       : EMILIATAN
  Number of processors: 20
======================================================================


  Section: SYSTEM ----------------------------------------------------


  Section: TIME ------------------------------------------------------
      start_time : 2023 1 1 8 0 0 
      time_step_interval : 10
      number_of_time_steps : 1980


  Section: DOMAIN ----------------------------------------------------
      number_of_dimensions : 2
      number_of_meshes : 1
      file_name : C:\Users\xhF\Desktop\mike-batch\assets\generated\pump-simulation\z0-1-[2605.0]\q1-6-[520.0]\q2-1-[-625.0]\q3-8-[-750.0]\LHKHX.mesh
      check_mesh : 1 (default)
      datum_depth : 0
      minimum_depth : 2728.01733
      thresshold_depth : 2624.97778 (default)
      number_of_domains : 16
      type_of_reordering : 1


========================== Mesh information ==========================
  Number of elements         : 48718
  Number of faces            : 75344
  Number of nodes            : 26627
  Number of sections         : 4
  Min x-coordinate (m)       : 267193.014
  Max x-coordinate (m)       : 271491.349
  Min y-coordinate (m)       : 3730064.21
  Max y-coordinate (m)       : 3742650.47
  Min z-coordinate (m)       : 2566.80224
  Max z-coordinate (m)       : 2624.97778
======================================================================


======================== Boundary information ========================

  number                code    number of points     number of faces
       1                   1                4485                4482
       2                   2                  18                  17
       3                   3                  20                  19
       4                   4                  17                  16
======================================================================


  Section: MODULE_SELECTION ------------------------------------------
      mode_of_hydrodynamic_module : 2
      hydrodynamic_features : 1
      mode_of_transport_module : 0
      mode_of_mud_transport_module : 0
      mode_of_sand_transport_module : 0
      mode_of_eco_lab_module : 0
      mode_of_particle_tracking_module : 0


  Section: HYDRODYNAMIC_MODULE ---------------------------------------
      mode : 2


    Section: EQUATION ------------------------------------------------
        formulation : 4
        time_formulation : 2 (default)


    Section: TIME ----------------------------------------------------
        start_time_step : 0
        time_step_factor : 1


    Section: SPACE ---------------------------------------------------
        number_of_2D_mesh_geometry : 1
        number_of_2D_mesh_velocity : 1
        number_of_2D_mesh_elevation : 1


    Section: FLOOD_AND_DRY -------------------------------------------
        type : 2
        drying_depth : 0.005
        flooding_depth : 0.05
        mass_depth : 0.1
        maximum_number_of_iterations : 10 (default)


    Section: DEPTH ---------------------------------------------------
        type : 0


    Section: DENSITY -------------------------------------------------
        type : 0


    Section: EDDY_VISCOSITY ------------------------------------------


      Section: HORIZONTAL_EDDY_VISCOSITY -----------------------------
          type : 3


        Section: SMAGORINSKY_FORMULATION -----------------------------
            format : 0
            constant_value : 0.28
            minimum_eddy_viscosity : 0.000001
            maximum_eddy_viscosity : 1.E+10


    Section: BED_RESISTANCE ------------------------------------------
        type : 4


      Section: MANNING_NUMBER ----------------------------------------
          format : 2
          file_name : C:\Users\xhF\Desktop\mike-batch\assets\generated\pump-simulation\z0-1-[2605.0]\q1-6-[520.0]\q2-1-[-625.0]\q3-8-[-750.0]\Manning.dfsu
          item_number : 1
--------------------------- Data File Summary ---------------------------
  Creator: 
  File   : C:\Users\xhF\Desktop\mike-batch\assets\generated\pump-simulation\z0-1-[2605.0]\q1-6-[520.0]\q2-1-[-625.0]\q3-8-[-750.0]\Manning.dfsu
  Title  : 

  Axis  Sets   Interval  Axis origin  Unit

  Static items:
  Item name            Item type               Minimum    Maximum Unit
  node id              Undefined                     1      26627 undefined
  x coordinate         Undefined                267193 271491.343 undefined
  y coordinate         Undefined            3730064.25  3742650.5 undefined
  z coordinate         Undefined            2576.35473 2624.97778 undefined
  node code            Undefined                     0          4 undefined
  element id           Undefined                     1      48718 undefined
  element code         Undefined                    21         21 undefined
  # nodes in elements  Undefined                     3          3 undefined
  indices of nodes in  Undefined                     1      26627 undefined

  Dynamic items:
  Item name            Item type               Minimum    Maximum Unit
  MM                   Manning's M              10.204        630 m^(1/3)/s
----------------------------------------------------------------------


    Section: CORIOLIS ------------------------------------------------
        type : 1
        latitude : 0
        coriolis_coefficient : 0 (default)


    Section: WIND_FORCING --------------------------------------------
        type : 0


    Section: ICE -----------------------------------------------------
        type : 0


    Section: TIDAL_POTENTIAL -----------------------------------------
        type : 0


    Section: PRECIPITATION_EVAPORATION -------------------------------
        type_of_precipitation : 0
        type_of_evaporation : 0


    Section: INFILTRATION --------------------------------------------


    Section: RADIATION_STRESS ----------------------------------------
        type : 0


    Section: SOURCES -------------------------------------------------
        number_of_sources : 0


    Section: SOLUTION_TECHNIQUE --------------------------------------
        scheme_of_time_integration : 1
        scheme_of_space_discretization_horizontal : 1
        method_of_space_discretization_horizontal : 0
        type_of_entropy_fix : 1 (default)
        bed_resistance_discretization : 1 (default)
        CFL_critical_HD : 0.8
        dt_min_HD : 0.000001
        dt_max_HD : 10
        CFL_correction_HD : 0 (default)
        CFL_critical_AD : 0.8
        dt_min_AD : 0.000001
        dt_max_AD : 10
        CFL_critical_substeps_AD : 0.8 (default)
        type_of_land_condition : 2 (default)
        error_level : 0
        maximum_number_of_errors : 200


    Section: STRUCTURE_MODULE ----------------------------------------
        relaxation_factor : 0 (default)


    Section: STRUCTURES ----------------------------------------------


      Section: WEIR --------------------------------------------------
        output_of_link_data : 0 (default)


      Section: DIKES -------------------------------------------------
          number_of_dikes : 0
          output_of_link_data : 0


      Section: GATES -------------------------------------------------
          number_of_gates : 0
          output_of_link_data : 0 (default)


      Section: PIERS -------------------------------------------------
          format : 0
          number_of_piers : 0


      Section: TURBINES ----------------------------------------------
          format : 0
          number_of_turbines : 0


      Section: SHIP --------------------------------------------------


    Section: INITIAL_CONDITIONS --------------------------------------
        type : 1
        surface_elevation_constant : 2605
        u_velocity_constant : 0
        v_velocity_constant : 0


    Section: BOUNDARY_CONDITIONS -------------------------------------
        internal_land_boundary_type : 2


      Section: CODE_1 ------------------------------------------------
          type : 2


      Section: CODE_2 ------------------------------------------------
          type : 7
          type_secondary : 1
          approach : 1
          format : 1
          file_name : C:\Users\xhF\Desktop\mike-batch\assets\generated\pump-simulation\z0-1-[2605.0]\q1-6-[520.0]\q2-1-[-625.0]\q3-8-[-750.0]\Qout_LHK.dfs0
          item_number : 1
          type_of_soft_start : 2
          soft_time_interval : 0
          reference_value : 0
          type_of_time_interpolation : 1
          type_of_radiation_stress_correction : 1
--------------------------- Data File Summary ---------------------------
  Creator: mikeio
  File   : C:\Users\xhF\Desktop\mike-batch\assets\generated\pump-simulation\z0-1-[2605.0]\q1-6-[520.0]\q2-1-[-625.0]\q3-8-[-750.0]\Qout_LHK.dfs0
  Title  : 

  Start date  Start time  Sets   Interval  Unit
  2023-01-01    08:00:00  1981         10  second

  Dynamic items:
  Item name            Item type               Minimum    Maximum Unit
  Qlhk                 Discharge                     0        520 m^3/s
----------------------------------------------------------------------


      Section: CODE_3 ------------------------------------------------
          type : 7
          type_secondary : 1
          approach : 1
          format : 1
          file_name : C:\Users\xhF\Desktop\mike-batch\assets\generated\pump-simulation\z0-1-[2605.0]\q1-6-[520.0]\q2-1-[-625.0]\q3-8-[-750.0]\Qcs_LHKHX.dfs0
          item_number : 1
          type_of_soft_start : 2
          soft_time_interval : 0
          reference_value : 0
          type_of_time_interpolation : 1
          type_of_radiation_stress_correction : 1
--------------------------- Data File Summary ---------------------------
  Creator: mikeio
  File   : C:\Users\xhF\Desktop\mike-batch\assets\generated\pump-simulation\z0-1-[2605.0]\q1-6-[520.0]\q2-1-[-625.0]\q3-8-[-750.0]\Qcs_LHKHX.dfs0
  Title  : 

  Start date  Start time  Sets   Interval  Unit
  2023-01-01    08:00:00  1981         10  second

  Dynamic items:
  Item name            Item type               Minimum    Maximum Unit
  Qcs                  Discharge                  -625          0 m^3/s
----------------------------------------------------------------------


      Section: CODE_4 ------------------------------------------------
          type : 7
          type_secondary : 1
          approach : 1
          format : 1
          file_name : C:\Users\xhF\Desktop\mike-batch\assets\generated\pump-simulation\z0-1-[2605.0]\q1-6-[520.0]\q2-1-[-625.0]\q3-8-[-750.0]\Qout_YGYJ.dfs0
          item_number : 1
          type_of_soft_start : 2
          soft_time_interval : 0
          reference_value : 0
          type_of_time_interpolation : 1
          type_of_radiation_stress_correction : 1
--------------------------- Data File Summary ---------------------------
  Creator: mikeio
  File   : C:\Users\xhF\Desktop\mike-batch\assets\generated\pump-simulation\z0-1-[2605.0]\q1-6-[520.0]\q2-1-[-625.0]\q3-8-[-750.0]\Qout_YGYJ.dfs0
  Title  : 

  Start date  Start time  Sets   Interval  Unit
  2023-01-01    08:00:00  1981         10  second

  Dynamic items:
  Item name            Item type               Minimum    Maximum Unit
  Qyg                  Discharge                  -750          0 m^3/s
----------------------------------------------------------------------


    Section: TEMPERATURE_SALINITY_MODULE -----------------------------
        temperature_mode : 0
        salinity_mode : 0


    Section: DECOUPLING ----------------------------------------------
        type : 0


    Section: OUTPUTS -------------------------------------------------
        number_of_outputs : 5


      Section: OUTPUT_1 ----------------------------------------------
          include : 0


      Section: OUTPUT_2 ----------------------------------------------
          include : 1
          file_name : C:\Users\xhF\Desktop\mike-batch\assets\generated\pump-simulation\z0-1-[2605.0]\q1-6-[520.0]\q2-1-[-625.0]\q3-8-[-750.0]\LHKHX.m21fm - Result Files\lhkhx.dfs0
          title : Qcs
          type : 4
          format : 0
          delete_value : 1.E-35 (default)
          flood_and_dry : 2
          precision : 2 (default)
          first_time_step : 360
          last_time_step : 1980
          time_step_frequency : 6
          number_of_variables : 0 (default)
          interpolation_type : 2
          interpolation_subtype : 1 (default)


        Section: DISCHARGE -------------------------------------------
            type : 1
            FLOW : 1
            DISCHARGE : 1
            ACCUMULATED_DISCHARGE : 1
          coordinate_type : PROJCS["Xian_1980_3_Degree_GK_CM_120E",GEOGCS["GCS_Xian_1980",DATUM["D_Xian_1980",SPHEROID["Xian_1980",6378140.0,298.257]],PRIMEM["Greenwich",0.0],UNIT["Degree",0.0174532925199433]],PROJECTION["Gauss_Kruger"],PARAMETER["False_Easting",500000.0],PARAMETER["False_Northing",0.0],PARAMETER["Central_Meridian",120.0],PARAMETER["Scale_Factor",1.0],PARAMETER["Latitude_Of_Origin",0.0],UNIT["Meter",1.0]]
          write_section : 0 (default)


        Section: LINE ------------------------------------------------
            input_format : 1 (default)
            number_of_points : 0 (default)
            x_first : 269374.943
            y_first : 3741064.85
            x_last : 269520.845
            y_last : 3741014.57


======================= Discharge information ========================

 No. face  FaceID     x (first)     y (first)      x (last)      y (last)
 -------------------------------------------------------------------------
        1   69044  0.269375E+06  0.374106E+07  0.269385E+06  0.374106E+07
        2   69138  0.269385E+06  0.374106E+07  0.269395E+06  0.374106E+07
        3   69251  0.269395E+06  0.374106E+07  0.269402E+06  0.374105E+07
        4   69300  0.269402E+06  0.374105E+07  0.269411E+06  0.374105E+07
        5  -69362  0.269411E+06  0.374105E+07  0.269418E+06  0.374105E+07
        6   69414  0.269418E+06  0.374105E+07  0.269426E+06  0.374105E+07
        7   69513  0.269426E+06  0.374105E+07  0.269431E+06  0.374104E+07
        8   69512  0.269431E+06  0.374104E+07  0.269435E+06  0.374105E+07
        9   69514  0.269435E+06  0.374105E+07  0.269442E+06  0.374104E+07
       10   69617  0.269442E+06  0.374104E+07  0.269449E+06  0.374104E+07
       11   69686  0.269449E+06  0.374104E+07  0.269456E+06  0.374104E+07
       12   69781  0.269456E+06  0.374104E+07  0.269463E+06  0.374103E+07
       13   69782  0.269463E+06  0.374103E+07  0.269470E+06  0.374103E+07
       14   69784  0.269470E+06  0.374103E+07  0.269476E+06  0.374104E+07
       15  -69833  0.269476E+06  0.374104E+07  0.269478E+06  0.374103E+07
       16   69874  0.269478E+06  0.374103E+07  0.269487E+06  0.374102E+07
       17   69875  0.269487E+06  0.374102E+07  0.269495E+06  0.374102E+07
       18   69948  0.269495E+06  0.374102E+07  0.269503E+06  0.374102E+07
       19   69946  0.269503E+06  0.374102E+07  0.269509E+06  0.374102E+07
       20  -69985  0.269509E+06  0.374102E+07  0.269509E+06  0.374102E+07
       21   69986  0.269509E+06  0.374102E+07  0.269515E+06  0.374102E+07
       22   69982  0.269515E+06  0.374102E+07  0.269521E+06  0.374101E+07
 -------------------------------------------------------------------------

 Length (m): 194.872094

======================================================================


      Section: OUTPUT_3 ----------------------------------------------
          include : 1
          file_name : C:\Users\xhF\Desktop\mike-batch\assets\generated\pump-simulation\z0-1-[2605.0]\q1-6-[520.0]\q2-1-[-625.0]\q3-8-[-750.0]\LHKHX.m21fm - Result Files\z.dfs0
          title : Zzdm
          type : 1
          format : 0
          delete_value : 1.E-35 (default)
          flood_and_dry : 2
          precision : 2 (default)
          first_time_step : 360
          last_time_step : 1980
          time_step_frequency : 6
          number_of_variables : 0 (default)
          interpolation_type : 2
          interpolation_subtype : 1 (default)


        Section: PARAMETERS_2D ---------------------------------------
            SURFACE_ELEVATION : 1
            STILL_WATER_DEPTH : 0
            TOTAL_WATER_DEPTH : 0
            U_VELOCITY : 0
            V_VELOCITY : 0
            P_FLUX : 0
            Q_FLUX : 0
            CURRENT_SPEED : 0
            CURRENT_DIRECTION : 0
            WIND_U_VELOCITY : 0
            WIND_V_VELOCITY : 0
            AIR_PRESSURE : 0
            PRECIPITATION : 0
            EVAPORATION : 0
            DRAG_COEFFICIENT : 0
            EDDY_VISCOSITY : 0
            CFL_NUMBER : 0
            CONVERGENCE_ANGLE : 0
            AREA : 0
          coordinate_type : PROJCS["Xian_1980_3_Degree_GK_CM_120E",GEOGCS["GCS_Xian_1980",DATUM["D_Xian_1980",SPHEROID["Xian_1980",6378140.0,298.257]],PRIMEM["Greenwich",0.0],UNIT["Degree",0.0174532925199433]],PROJECTION["Gauss_Kruger"],PARAMETER["False_Easting",500000.0],PARAMETER["False_Northing",0.0],PARAMETER["Central_Meridian",120.0],PARAMETER["Scale_Factor",1.0],PARAMETER["Latitude_Of_Origin",0.0],UNIT["Meter",1.0]]
          input_format : 1
          number_of_points : 56


        Section: POINT_1 ---------------------------------------------
            name : YG63LHK
            x : 269025.47
            y : 3742385.49


        Section: POINT_2 ---------------------------------------------
            name : YG62-1.5
            x : 269061.836
            y : 3742137.23


        Section: POINT_3 ---------------------------------------------
            name : YG62-1
            x : 269043.795
            y : 3741866.02


        Section: POINT_4 ---------------------------------------------
            name : YG62-0.5
            x : 269023.674
            y : 3741665.62


        Section: POINT_5 ---------------------------------------------
            name : YG62
            x : 269001.443
            y : 3741467.82


        Section: POINT_6 ---------------------------------------------
            name : YG61-2.5
            x : 269049.201
            y : 3741308.92


        Section: POINT_7 ---------------------------------------------
            name : YG61-2
            x : 269100.506
            y : 3741190.68


        Section: POINT_8 ---------------------------------------------
            name : YG61-1.5
            x : 269217.128
            y : 3741073.39


        Section: POINT_9 ---------------------------------------------
            name : YG61-1
            x : 269324.978
            y : 3740980.03


        Section: POINT_10 --------------------------------------------
            name : YG61-0.9HX
            x : 269449.75
            y : 3741031.69


        Section: POINT_11 --------------------------------------------
            name : YG61-0.75
            x : 269451.12
            y : 3740853.87


        Section: POINT_12 --------------------------------------------
            name : YG61-0.5
            x : 269505.996
            y : 3740766.95


        Section: POINT_13 --------------------------------------------
            name : YG61-0.25
            x : 269551.888
            y : 3740623.32


        Section: POINT_14 --------------------------------------------
            name : YG61
            x : 269556.034
            y : 3740482.84


        Section: POINT_15 --------------------------------------------
            name : YG60-1.75
            x : 269495.092
            y : 3740318.36


        Section: POINT_16 --------------------------------------------
            name : YG60-1.5
            x : 269409.511
            y : 3740158.91


        Section: POINT_17 --------------------------------------------
            name : YG60-1.25
            x : 269305.361
            y : 3740011.46


        Section: POINT_18 --------------------------------------------
            name : YG60-1
            x : 269209.093
            y : 3739889.26


        Section: POINT_19 --------------------------------------------
            name : YG60-0.5
            x : 269053.948
            y : 3739685.16


        Section: POINT_20 --------------------------------------------
            name : YG60
            x : 268919.821
            y : 3739476.29


        Section: POINT_21 --------------------------------------------
            name : YG59-0.5
            x : 268832.451
            y : 3739295.60


        Section: POINT_22 --------------------------------------------
            name : YG59-1
            x : 268746.06
            y : 3739100.13


        Section: POINT_23 --------------------------------------------
            name : YG59-2
            x : 268649.768
            y : 3738843.12


        Section: POINT_24 --------------------------------------------
            name : YG59
            x : 268506.238
            y : 3738531.31


        Section: POINT_25 --------------------------------------------
            name : YG58-1
            x : 268231.396
            y : 3738138.69


        Section: POINT_26 --------------------------------------------
            name : YG58
            x : 267851.961
            y : 3737914.43


        Section: POINT_27 --------------------------------------------
            name : YG57-1
            x : 267547.558
            y : 3737715.21


        Section: POINT_28 --------------------------------------------
            name : YG57-2
            x : 267685.718
            y : 3737263.74


        Section: POINT_29 --------------------------------------------
            name : YG57
            x : 267685.263
            y : 3736816.18


        Section: POINT_30 --------------------------------------------
            name : YG56-1
            x : 267602.798
            y : 3736282.34


        Section: POINT_31 --------------------------------------------
            name : YG56
            x : 267533.586
            y : 3735809.91


        Section: POINT_32 --------------------------------------------
            name : YG55-1
            x : 267445.628
            y : 3735413.68


        Section: POINT_33 --------------------------------------------
            name : YG55
            x : 267349.736
            y : 3735037.58


        Section: POINT_34 --------------------------------------------
            name : YG54-1
            x : 267411.351
            y : 3734497.89


        Section: POINT_35 --------------------------------------------
            name : YG54
            x : 267895.177
            y : 3734128.87


        Section: POINT_36 --------------------------------------------
            name : YG53-2
            x : 268334.621
            y : 3734026.48


        Section: POINT_37 --------------------------------------------
            name : YG53-1
            x : 268658.984
            y : 3733866.58


        Section: POINT_38 --------------------------------------------
            name : YG53
            x : 268888.278
            y : 3733642.16


        Section: POINT_39 --------------------------------------------
            name : YG52-1
            x : 269500.427
            y : 3733578.18


        Section: POINT_40 --------------------------------------------
            name : YG52
            x : 270124.844
            y : 3733671.19


        Section: POINT_41 --------------------------------------------
            name : YG51-1
            x : 270543.587
            y : 3733772.32


        Section: POINT_42 --------------------------------------------
            name : YG51
            x : 271028.247
            y : 3733754.67


        Section: POINT_43 --------------------------------------------
            name : YG50-1
            x : 271077.188
            y : 3733391.61


        Section: POINT_44 --------------------------------------------
            name : YG50
            x : 270886.893
            y : 3733066.72


        Section: POINT_45 --------------------------------------------
            name : YG49-1
            x : 270475.235
            y : 3732872.68


        Section: POINT_46 --------------------------------------------
            name : YG49
            x : 270035.92
            y : 3732820.52


        Section: POINT_47 --------------------------------------------
            name : YG48-1
            x : 269468.213
            y : 3732757.47


        Section: POINT_48 --------------------------------------------
            name : YG48
            x : 269091.27
            y : 3732454.98


        Section: POINT_49 --------------------------------------------
            name : YG47-2
            x : 269141.713
            y : 3732133.28


        Section: POINT_50 --------------------------------------------
            name : YG47
            x : 269034.05
            y : 3731712.22


        Section: POINT_51 --------------------------------------------
            name : YG47-1
            x : 268472.481
            y : 3731712.09


        Section: POINT_52 --------------------------------------------
            name : YG46
            x : 268011.37
            y : 3731597.97


        Section: POINT_53 --------------------------------------------
            name : YG46-1
            x : 268124.501
            y : 3731123.30


        Section: POINT_54 --------------------------------------------
            name : YG45
            x : 268491.417
            y : 3730761.85


        Section: POINT_55 --------------------------------------------
            name : YG45-1
            x : 268611.036
            y : 3730358.80


        Section: POINT_56 --------------------------------------------
            name : YG44YGYJ
            x : 268543.22
            y : 3730146.30


====================== Point Output Information ======================

  Element           x (m)           y (m)           z (m)  code

    46264  0.26902547E+06  0.37423855E+07  0.25915206E+04     1
    46791  0.26906184E+06  0.37421372E+07  0.25846386E+04     2
    47334  0.26904379E+06  0.37418660E+07  0.26016512E+04     3
    47695  0.26902367E+06  0.37416656E+07  0.26000123E+04     4
    48211  0.26900144E+06  0.37414678E+07  0.26005645E+04     5
    42857  0.26904920E+06  0.37413089E+07  0.26010929E+04     6
    43321  0.26910051E+06  0.37411907E+07  0.25998251E+04     7
    44040  0.26921713E+06  0.37410734E+07  0.25993480E+04     8
    44724  0.26932498E+06  0.37409800E+07  0.25870004E+04     9
    45106  0.26944975E+06  0.37410317E+07  0.25810000E+04    10
    39836  0.26945112E+06  0.37408539E+07  0.25870020E+04    11
    40244  0.26950600E+06  0.37407670E+07  0.25888794E+04    12
    40840  0.26955189E+06  0.37406233E+07  0.25920000E+04    13
    41527  0.26955603E+06  0.37404828E+07  0.25930000E+04    14
    42356  0.26949509E+06  0.37403184E+07  0.25930005E+04    15
    37064  0.26940951E+06  0.37401589E+07  0.25930000E+04    16
    37957  0.26930536E+06  0.37400115E+07  0.25959178E+04    17
    38662  0.26920909E+06  0.37398893E+07  0.25949136E+04    18
    39301  0.26905395E+06  0.37396852E+07  0.25934972E+04    19
    33763  0.26891982E+06  0.37394763E+07  0.25920320E+04    20
    34210  0.26883245E+06  0.37392956E+07  0.25898639E+04    21
    34662  0.26874606E+06  0.37391001E+07  0.25853919E+04    22
    35410  0.26864977E+06  0.37388431E+07  0.25923093E+04    23
    36180  0.26850624E+06  0.37385313E+07  0.25766180E+04    24
    30908  0.26823140E+06  0.37381387E+07  0.25925433E+04    25
    31546  0.26785196E+06  0.37379144E+07  0.25938188E+04    26
    32045  0.26754756E+06  0.37377152E+07  0.25845045E+04    27
    33030  0.26768572E+06  0.37372637E+07  0.25868134E+04    28
    27926  0.26768526E+06  0.37368162E+07  0.25878008E+04    29
    28826  0.26760280E+06  0.37362823E+07  0.25903352E+04    30
    29684  0.26753359E+06  0.37358099E+07  0.25907935E+04    31
    30378  0.26744563E+06  0.37354137E+07  0.25839786E+04    32
    24990  0.26734974E+06  0.37350376E+07  0.25868334E+04    33
    25892  0.26741135E+06  0.37344979E+07  0.25815416E+04    34
    26935  0.26789518E+06  0.37341289E+07  0.25853913E+04    35
    22939  0.26833462E+06  0.37340265E+07  0.25856546E+04    36
    23815  0.26865898E+06  0.37338666E+07  0.25858807E+04    37
    18629  0.26888828E+06  0.37336422E+07  0.25871425E+04    38
    19809  0.26950043E+06  0.37335782E+07  0.25853310E+04    39
    21155  0.27012484E+06  0.37336712E+07  0.25861948E+04    40
    17462  0.27054359E+06  0.37337723E+07  0.25748429E+04    41
    17341  0.27102825E+06  0.37337547E+07  0.25861561E+04    42
    12682  0.27107719E+06  0.37333916E+07  0.25815122E+04    43
    13914  0.27088689E+06  0.37330667E+07  0.25833868E+04    44
    14930  0.27047523E+06  0.37328727E+07  0.25855825E+04    45
    10706  0.27003592E+06  0.37328205E+07  0.25842164E+04    46
     6237  0.26946821E+06  0.37327575E+07  0.25845052E+04    47
     7328  0.26909127E+06  0.37324550E+07  0.25826522E+04    48
     8041  0.26914171E+06  0.37321333E+07  0.25812246E+04    49
     4763  0.26903405E+06  0.37317122E+07  0.25803840E+04    50
     5812  0.26847248E+06  0.37317121E+07  0.25791724E+04    51
     1458  0.26801137E+06  0.37315980E+07  0.25693872E+04    52
     2307  0.26812450E+06  0.37311233E+07  0.25771017E+04    53
     4424  0.26849142E+06  0.37307619E+07  0.25790137E+04    54
     3510  0.26861104E+06  0.37303588E+07  0.25738063E+04    55
     3146  0.26854322E+06  0.37301463E+07  0.25766047E+04    56
======================================================================


      Section: OUTPUT_4 ----------------------------------------------
          include : 1
          file_name : C:\Users\xhF\Desktop\mike-batch\assets\generated\pump-simulation\z0-1-[2605.0]\q1-6-[520.0]\q2-1-[-625.0]\q3-8-[-750.0]\LHKHX.m21fm - Result Files\lhk.dfs0
          title : Qlhk
          type : 4
          format : 0
          delete_value : 1.E-35 (default)
          flood_and_dry : 2
          precision : 2 (default)
          first_time_step : 360
          last_time_step : 1980
          time_step_frequency : 6
          number_of_variables : 0 (default)
          interpolation_type : 2
          interpolation_subtype : 1 (default)


        Section: DISCHARGE -------------------------------------------
            type : 1
            FLOW : 1
            DISCHARGE : 1
            ACCUMULATED_DISCHARGE : 1
          coordinate_type : PROJCS["Xian_1980_3_Degree_GK_CM_120E",GEOGCS["GCS_Xian_1980",DATUM["D_Xian_1980",SPHEROID["Xian_1980",6378140.0,298.257]],PRIMEM["Greenwich",0.0],UNIT["Degree",0.0174532925199433]],PROJECTION["Gauss_Kruger"],PARAMETER["False_Easting",500000.0],PARAMETER["False_Northing",0.0],PARAMETER["Central_Meridian",120.0],PARAMETER["Scale_Factor",1.0],PARAMETER["Latitude_Of_Origin",0.0],UNIT["Meter",1.0]]
          write_section : 0 (default)


        Section: LINE ------------------------------------------------
            input_format : 1 (default)
            number_of_points : 0 (default)
            x_first : 269109.747
            y_first : 3742382.52
            x_last : 268959.99
            y_last : 3742370.78


======================= Discharge information ========================

 No. face  FaceID     x (first)     y (first)      x (last)      y (last)
 -------------------------------------------------------------------------
        1  -71565  0.269110E+06  0.374238E+07  0.269097E+06  0.374239E+07
        2  -71568  0.269097E+06  0.374239E+07  0.269094E+06  0.374238E+07
        3  -71569  0.269094E+06  0.374238E+07  0.269087E+06  0.374238E+07
        4  -71567  0.269087E+06  0.374238E+07  0.269079E+06  0.374238E+07
        5  -71581  0.269079E+06  0.374238E+07  0.269070E+06  0.374239E+07
        6  -71594  0.269070E+06  0.374239E+07  0.269065E+06  0.374237E+07
        7  -71593  0.269065E+06  0.374237E+07  0.269057E+06  0.374238E+07
        8  -71597  0.269057E+06  0.374238E+07  0.269052E+06  0.374237E+07
        9  -71598  0.269052E+06  0.374237E+07  0.269046E+06  0.374238E+07
       10  -71596  0.269046E+06  0.374238E+07  0.269039E+06  0.374237E+07
       11  -71595  0.269039E+06  0.374237E+07  0.269032E+06  0.374238E+07
       12  -71589  0.269032E+06  0.374238E+07  0.269024E+06  0.374237E+07
       13  -71588  0.269024E+06  0.374237E+07  0.269018E+06  0.374238E+07
       14  -71575  0.269018E+06  0.374238E+07  0.269010E+06  0.374237E+07
       15  -71574  0.269010E+06  0.374237E+07  0.269005E+06  0.374238E+07
       16  -71557  0.269005E+06  0.374238E+07  0.268997E+06  0.374237E+07
       17   71551  0.268997E+06  0.374237E+07  0.268991E+06  0.374238E+07
       18  -71532  0.268991E+06  0.374238E+07  0.268984E+06  0.374237E+07
       19  -71531  0.268984E+06  0.374237E+07  0.268976E+06  0.374238E+07
       20  -71514  0.268976E+06  0.374238E+07  0.268964E+06  0.374237E+07
       21  -71493  0.268964E+06  0.374237E+07  0.268956E+06  0.374237E+07
 -------------------------------------------------------------------------

 Length (m): 265.261389


Warning: Section contains 1 boundary faces
======================================================================


      Section: OUTPUT_5 ----------------------------------------------
          include : 1
          file_name : C:\Users\xhF\Desktop\mike-batch\assets\generated\pump-simulation\z0-1-[2605.0]\q1-6-[520.0]\q2-1-[-625.0]\q3-8-[-750.0]\LHKHX.m21fm - Result Files\ygyj.dfs0
          title : Qyg
          type : 4
          format : 0
          delete_value : 1.E-35 (default)
          flood_and_dry : 2
          precision : 2 (default)
          first_time_step : 360
          last_time_step : 1980
          time_step_frequency : 6
          number_of_variables : 0 (default)
          interpolation_type : 2
          interpolation_subtype : 1 (default)


        Section: DISCHARGE -------------------------------------------
            type : 1
            FLOW : 1
            DISCHARGE : 1
            ACCUMULATED_DISCHARGE : 1
          coordinate_type : PROJCS["Xian_1980_3_Degree_GK_CM_120E",GEOGCS["GCS_Xian_1980",DATUM["D_Xian_1980",SPHEROID["Xian_1980",6378140.0,298.257]],PRIMEM["Greenwich",0.0],UNIT["Degree",0.0174532925199433]],PROJECTION["Gauss_Kruger"],PARAMETER["False_Easting",500000.0],PARAMETER["False_Northing",0.0],PARAMETER["Central_Meridian",120.0],PARAMETER["Scale_Factor",1.0],PARAMETER["Latitude_Of_Origin",0.0],UNIT["Meter",1.0]]
          write_section : 0 (default)


        Section: LINE ------------------------------------------------
            input_format : 1 (default)
            number_of_points : 0 (default)
            x_first : 268650.501
            y_first : 3730145.60
            x_last : 268461.377
            y_last : 3730214.82


======================= Discharge information ========================

 No. face  FaceID     x (first)     y (first)      x (last)      y (last)
 -------------------------------------------------------------------------
        1    4925  0.268651E+06  0.373015E+07  0.268643E+06  0.373014E+07
        2    4926  0.268643E+06  0.373014E+07  0.268636E+06  0.373016E+07
        3    4944  0.268636E+06  0.373016E+07  0.268612E+06  0.373015E+07
        4    4943  0.268612E+06  0.373015E+07  0.268606E+06  0.373017E+07
        5    4942  0.268606E+06  0.373017E+07  0.268591E+06  0.373016E+07
        6    4986  0.268591E+06  0.373016E+07  0.268577E+06  0.373018E+07
        7    4990  0.268577E+06  0.373018E+07  0.268560E+06  0.373018E+07
        8    4983  0.268560E+06  0.373018E+07  0.268540E+06  0.373018E+07
        9   -5009  0.268540E+06  0.373018E+07  0.268544E+06  0.373020E+07
       10    5020  0.268544E+06  0.373020E+07  0.268529E+06  0.373019E+07
       11    4998  0.268529E+06  0.373019E+07  0.268512E+06  0.373019E+07
       12    5025  0.268512E+06  0.373019E+07  0.268511E+06  0.373020E+07
       13    5026  0.268511E+06  0.373020E+07  0.268498E+06  0.373020E+07
       14    5040  0.268498E+06  0.373020E+07  0.268484E+06  0.373021E+07
       15    5041  0.268484E+06  0.373021E+07  0.268463E+06  0.373022E+07
 -------------------------------------------------------------------------

 Length (m): 263.748148

======================================================================


======================== COMPUTATION STARTED =========================


========================= COMPUTATION ENDED ==========================


========================= Output Statistics ==========================
 
--------------------------- Data File Summary ---------------------------
  Creator: 
  File   : C:\Users\xhF\Desktop\mike-batch\assets\generated\pump-simulation\z0-1-[2605.0]\q1-6-[520.0]\q2-1-[-625.0]\q3-8-[-750.0]\LHKHX.m21fm - Result Files\lhkhx.dfs0
  Title  : Qcs

  Start date  Start time  Sets   Interval  Unit
  2023-01-01    09:00:00   271         60  second

  Dynamic items:
  Item name            Item type               Minimum    Maximum Unit
  Discharge, Flow      Volume Flux           -0.085278 635.994141 m^3/s
  Acc. discharge, Flow Water Volume                  0   10110744 m^3
----------------------------------------------------------------------
 
--------------------------- Data File Summary ---------------------------
  Creator: 
  File   : C:\Users\xhF\Desktop\mike-batch\assets\generated\pump-simulation\z0-1-[2605.0]\q1-6-[520.0]\q2-1-[-625.0]\q3-8-[-750.0]\LHKHX.m21fm - Result Files\z.dfs0
  Title  : Zzdm

  Start date  Start time  Sets   Interval  Unit
  2023-01-01    09:00:00   271         60  second

  Dynamic items:
  Item name            Item type               Minimum    Maximum Unit
  YG63LHK: Surface ele Surface Elevation    2606.96801 2607.19213 meter
  YG62-1.5: Surface el Surface Elevation    2606.92724 2607.15185 meter
  YG62-1: Surface elev Surface Elevation    2606.70092 2606.95263 meter
  YG62-0.5: Surface el Surface Elevation    2606.26391 2606.59863 meter
  YG62: Surface elevat Surface Elevation    2605.07275 2605.91235 meter
  YG61-2.5: Surface el Surface Elevation    2604.08422 2605.56689 meter
  YG61-2: Surface elev Surface Elevation    2603.71167 2605.46704 meter
  YG61-1.5: Surface el Surface Elevation    2602.50952 2605.32568 meter
  YG61-1: Surface elev Surface Elevation    2600.04467 2605.31567 meter
  YG61-0.9HX: Surface  Surface Elevation    2600.04370 2605.31567 meter
  YG61-0.75: Surface e Surface Elevation    2600.11645 2605.30688 meter
  YG61-0.5: Surface el Surface Elevation    2600.11718 2605.29956 meter
  YG61-0.25: Surface e Surface Elevation    2600.11889 2605.28247 meter
  YG61: Surface elevat Surface Elevation    2600.12255 2605.25756 meter
  YG60-1.75: Surface e Surface Elevation    2600.12890 2605.24389 meter
  YG60-1.5: Surface el Surface Elevation    2600.13354 2605.22705 meter
  YG60-1.25: Surface e Surface Elevation    2600.14282 2605.18823 meter
  YG60-1: Surface elev Surface Elevation    2600.15698 2605.14502 meter
  YG60-0.5: Surface el Surface Elevation    2600.17285 2605.09472 meter
  YG60: Surface elevat Surface Elevation    2600.17846 2605.07202 meter
  YG59-0.5: Surface el Surface Elevation    2600.18115 2605.03295 meter
  YG59-1: Surface elev Surface Elevation    2600.18286 2605.01709 meter
  YG59-2: Surface elev Surface Elevation    2600.18481 2604.96093 meter
  YG59: Surface elevat Surface Elevation    2600.18701 2604.94165 meter
  YG58-1: Surface elev Surface Elevation     2600.1875 2604.89550 meter
  YG58: Surface elevat Surface Elevation     2600.1875 2604.86621 meter
  YG57-1: Surface elev Surface Elevation    2600.18725 2604.83325 meter
  YG57-2: Surface elev Surface Elevation    2600.18676 2604.81591 meter
  YG57: Surface elevat Surface Elevation    2600.18603 2604.79711 meter
  YG56-1: Surface elev Surface Elevation    2600.18457 2604.76953 meter
  YG56: Surface elevat Surface Elevation    2600.18261 2604.75122 meter
  YG55-1: Surface elev Surface Elevation    2600.18090 2604.73486 meter
  YG55: Surface elevat Surface Elevation    2600.17944 2604.72460 meter
  YG54-1: Surface elev Surface Elevation    2600.17553 2604.69848 meter
  YG54: Surface elevat Surface Elevation    2600.17382 2604.68994 meter
  YG53-2: Surface elev Surface Elevation    2600.17138 2604.68090 meter
  YG53-1: Surface elev Surface Elevation    2600.16918 2604.67382 meter
  YG53: Surface elevat Surface Elevation    2600.16674 2604.66650 meter
  YG52-1: Surface elev Surface Elevation    2600.16064 2604.64843 meter
  YG52: Surface elevat Surface Elevation    2600.15625 2604.63891 meter
  YG51-1: Surface elev Surface Elevation    2600.15405 2604.63623 meter
  YG51: Surface elevat Surface Elevation     2600.1521 2604.63476 meter
  YG50-1: Surface elev Surface Elevation    2600.14868 2604.63208 meter
  YG50: Surface elevat Surface Elevation    2600.14721 2604.63208 meter
  YG49-1: Surface elev Surface Elevation    2600.14575 2604.63159 meter
  YG49: Surface elevat Surface Elevation    2600.14306 2604.62890 meter
  YG48-1: Surface elev Surface Elevation    2600.13964 2604.62646 meter
  YG48: Surface elevat Surface Elevation    2600.13061 2604.62085 meter
  YG47-2: Surface elev Surface Elevation    2600.12793 2604.61840 meter
  YG47: Surface elevat Surface Elevation    2600.12670 2604.61743 meter
  YG47-1: Surface elev Surface Elevation    2600.12085 2604.61303 meter
  YG46: Surface elevat Surface Elevation    2600.11743 2604.61132 meter
  YG46-1: Surface elev Surface Elevation    2600.11352 2604.61010 meter
  YG45: Surface elevat Surface Elevation    2600.11010 2604.60888 meter
  YG45-1: Surface elev Surface Elevation    2600.10253 2604.60449 meter
  YG44YGYJ: Surface el Surface Elevation    2600.09863 2604.60253 meter
----------------------------------------------------------------------
 
--------------------------- Data File Summary ---------------------------
  Creator: 
  File   : C:\Users\xhF\Desktop\mike-batch\assets\generated\pump-simulation\z0-1-[2605.0]\q1-6-[520.0]\q2-1-[-625.0]\q3-8-[-750.0]\LHKHX.m21fm - Result Files\lhk.dfs0
  Title  : Qlhk

  Start date  Start time  Sets   Interval  Unit
  2023-01-01    09:00:00   271         60  second

  Dynamic items:
  Item name            Item type               Minimum    Maximum Unit
  Discharge, Flow      Volume Flux          516.869385 528.521973 m^3/s
  Acc. discharge, Flow Water Volume                  0    8425166 m^3
----------------------------------------------------------------------
 
--------------------------- Data File Summary ---------------------------
  Creator: 
  File   : C:\Users\xhF\Desktop\mike-batch\assets\generated\pump-simulation\z0-1-[2605.0]\q1-6-[520.0]\q2-1-[-625.0]\q3-8-[-750.0]\LHKHX.m21fm - Result Files\ygyj.dfs0
  Title  : Qyg

  Start date  Start time  Sets   Interval  Unit
  2023-01-01    09:00:00   271         60  second

  Dynamic items:
  Item name            Item type               Minimum    Maximum Unit
  Discharge, Flow      Volume Flux          730.975891 749.087524 m^3/s
  Acc. discharge, Flow Water Volume                  0   12068208 m^3
----------------------------------------------------------------------
 
======================================================================


================= Hydrodynamic Simulation Diagnostic =================
 
  Shallow water equations
  -----------------------
 
  Number of time steps     : 228338
  Minimum time step (s)    : 0.082142
  Maximum time step (s)    : 0.092592
  Average time step (s)    : 0.086713
======================================================================


================== Hydrodynamic Simulation Timings ===================
  ------------------------------------------------------------------
  Task                                      CPU time    Elapsed time
  ------------------------------------------------------------------
  Update forcings                              58.00            3.04
  Solve Shallow Water eq.                    6793.36          345.18
  Temperatur/Salinity Module                    0.00            0.00
    Update forcings                             0.00            0.00
    Solve Advection-Dispersion eq.              0.00            0.00
    Other calculation                           0.00            0.00
  Turbulence Module                             0.00            0.00
    Update forcings                             0.00            0.00
    Solve Advection-Dispersion eq.              0.00            0.00
    Other calculation                           0.00            0.00
  Other calculation                          8680.34          436.45
  ------------------------------------------------------------------
  Total                                     15560.27          785.84
  ------------------------------------------------------------------
======================================================================


========================== Overall Timings ===========================
  ------------------------------------------------------------------
  Task                                      CPU time    Elapsed time
  ------------------------------------------------------------------
  Pre-processing                                2.50            0.47
  Calculation                               15572.97          786.40
  Post-processing                              18.31            1.06
  ------------------------------------------------------------------
  Total                                     15593.78          787.93
  ------------------------------------------------------------------
======================================================================


============================ Memory Usage ============================
  Peak memory usage (MB)                                       78.36
======================================================================


============================ Performance =============================
  Number of threads: 20
======================================================================
 
  Normal run completion
